[0.024s] Invoking command in '/home/ubuntu/bags/pc_merger_ws/src/build/pc_merger': CMAKE_PREFIX_PATH=/opt/ros/galactic /usr/bin/cmake --build /home/ubuntu/bags/pc_merger_ws/src/build/pc_merger -- -j8 -l8
[0.079s] -- Found ament_cmake: 1.1.6 (/opt/ros/galactic/share/ament_cmake/cmake)
[0.096s] -- Using PYTHON_EXECUTABLE: /usr/bin/python3
[0.154s] -- Found rclcpp: 9.2.2 (/opt/ros/galactic/share/rclcpp/cmake)
[0.189s] -- Using all available rosidl_typesupport_c: rosidl_typesupport_fastrtps_c;rosidl_typesupport_introspection_c
[0.194s] -- Found rosidl_adapter: 2.2.3 (/opt/ros/galactic/share/rosidl_adapter/cmake)
[0.349s] -- Using all available rosidl_typesupport_cpp: rosidl_typesupport_fastrtps_cpp;rosidl_typesupport_introspection_cpp
[0.390s] -- Found rmw_implementation_cmake: 3.3.1 (/opt/ros/galactic/share/rmw_implementation_cmake/cmake)
[0.391s] -- Found rmw_cyclonedds_cpp: 0.22.6 (/opt/ros/galactic/share/rmw_cyclonedds_cpp/cmake)
[0.407s] -- Using RMW implementation 'rmw_cyclonedds_cpp' as default
[0.528s] -- Found pcl_ros: 2.3.2 (/opt/ros/galactic/share/pcl_ros/cmake)
[0.880s] -- Found eigen3_cmake_module: 0.1.1 (/opt/ros/galactic/share/eigen3_cmake_module/cmake)
[1.204s] -- Eigen found (include: /usr/include/eigen3, version: 3.3.7)
[1.296s] -- The imported target "vtkParseOGLExt" references the file
[1.298s]    "/usr/bin/vtkParseOGLExt-7.1"
[1.300s] but this file does not exist.  Possible reasons include:
[1.300s] * The file was deleted, renamed, or moved to another location.
[1.301s] * An install or uninstall procedure did not complete successfully.
[1.302s] * The installation package was faulty and contained
[1.303s]    "/usr/lib/cmake/vtk-7.1/VTKTargets.cmake"
[1.304s] but not all the files it references.
[1.305s] 
[1.305s] -- The imported target "vtkRenderingPythonTkWidgets" references the file
[1.306s]    "/usr/lib/aarch64-linux-gnu/libvtkRenderingPythonTkWidgets.so"
[1.306s] but this file does not exist.  Possible reasons include:
[1.307s] * The file was deleted, renamed, or moved to another location.
[1.307s] * An install or uninstall procedure did not complete successfully.
[1.308s] * The installation package was faulty and contained
[1.309s]    "/usr/lib/cmake/vtk-7.1/VTKTargets.cmake"
[1.309s] but not all the files it references.
[1.310s] 
[1.312s] -- The imported target "vtk" references the file
[1.313s]    "/usr/bin/vtk"
[1.313s] but this file does not exist.  Possible reasons include:
[1.314s] * The file was deleted, renamed, or moved to another location.
[1.315s] * An install or uninstall procedure did not complete successfully.
[1.315s] * The installation package was faulty and contained
[1.317s]    "/usr/lib/cmake/vtk-7.1/VTKTargets.cmake"
[1.317s] but not all the files it references.
[1.318s] 
[1.318s] -- The imported target "pvtk" references the file
[1.319s]    "/usr/bin/pvtk"
[1.319s] but this file does not exist.  Possible reasons include:
[1.320s] * The file was deleted, renamed, or moved to another location.
[1.320s] * An install or uninstall procedure did not complete successfully.
[1.321s] * The installation package was faulty and contained
[1.321s]    "/usr/lib/cmake/vtk-7.1/VTKTargets.cmake"
[1.321s] but not all the files it references.
[1.322s] 
[1.322s] -- OpenNI found (include: /usr/include/ni, lib: /usr/lib/libOpenNI.so)
[1.324s] -- OpenNI2 found (include: /usr/include/openni2, lib: /usr/lib/libOpenNI2.so)
[1.336s] -- OpenNI found (include: /usr/include/ni, lib: /usr/lib/libOpenNI.so)
[1.340s] -- OpenNI2 found (include: /usr/include/openni2, lib: /usr/lib/libOpenNI2.so)
[1.351s] -- QHULL found (include: /usr/include, lib: optimized;/usr/lib/aarch64-linux-gnu/libqhull.so;debug;/usr/lib/aarch64-linux-gnu/libqhull.so)
[1.356s] -- OpenNI found (include: /usr/include/ni, lib: /usr/lib/libOpenNI.so)
[1.585s] CMake Warning (dev) at CMakeLists.txt:26 (find_package):
[1.587s]   Policy CMP0074 is not set: find_package uses <PackageName>_ROOT variables.
[1.588s]   Run "cmake --help-policy CMP0074" for policy details.  Use the cmake_policy
[1.588s]   command to set the policy and suppress this warning.
[1.589s] 
[1.590s]   CMake variable PCL_ROOT is set to:
[1.591s] 
[1.591s]     /usr
[1.592s] 
[1.592s]   For compatibility, CMake is ignoring the variable.
[1.593s] This warning is for project developers.  Use -Wno-dev to suppress it.
[1.594s] 
[1.713s] -- Configuring done
[1.860s] -- Generating done
[1.884s] -- Build files have been written to: /home/ubuntu/bags/pc_merger_ws/src/build/pc_merger
[1.929s] [35m[1mScanning dependencies of target pc_merger[0m
[3.426s] [ 50%] [32mBuilding CXX object CMakeFiles/pc_merger.dir/src/mergeClouds.cpp.o[0m
[3.766s] In file included from [01m[K/home/ubuntu/bags/pc_merger_ws/src/pc_meger/src/mergeClouds.cpp:1[m[K:
[3.767s] [01m[K/home/ubuntu/bags/pc_merger_ws/src/pc_meger/include/mergeClouds.hpp:8:10:[m[K [01;31m[Kfatal error: [m[Kpcl_ros/transforms.h: No such file or directory
[3.768s]     8 | #include [01;31m[K<pcl_ros/transforms.h>[m[K
[3.769s]       |          [01;31m[K^~~~~~~~~~~~~~~~~~~~~~[m[K
[3.769s] compilation terminated.
[3.770s] make[2]: *** [CMakeFiles/pc_merger.dir/build.make:63: CMakeFiles/pc_merger.dir/src/mergeClouds.cpp.o] Error 1
[3.770s] make[1]: *** [CMakeFiles/Makefile2:78: CMakeFiles/pc_merger.dir/all] Error 2
[3.771s] make: *** [Makefile:141: all] Error 2
[3.772s] Invoked command in '/home/ubuntu/bags/pc_merger_ws/src/build/pc_merger' returned '2': CMAKE_PREFIX_PATH=/opt/ros/galactic /usr/bin/cmake --build /home/ubuntu/bags/pc_merger_ws/src/build/pc_merger -- -j8 -l8
